<?xml version="1.0" encoding="UTF-8"?>
<!-- Generated by org.testng.reporters.JUnitReportReporter -->
<testsuite hostname="ATMECSINDT-055" name="com.atmecs.partnerportal.testscript.CategoryTestcases" tests="11" failures="0" timestamp="10 Jul 2017 10:09:25 GMT" time="214.740" errors="0">
  <testcase name="createOffer" time="21.473" classname="com.atmecs.partnerportal.testscript.CategoryTestcases"/>
  <testcase name="editCategory" time="20.408" classname="com.atmecs.partnerportal.testscript.CategoryTestcases"/>
  <testcase name="deleteCategory" time="10.068" classname="com.atmecs.partnerportal.testscript.CategoryTestcases"/>
  <testcase name="createOffer" time="25.692" classname="com.atmecs.partnerportal.testscript.CategoryTestcases"/>
  <testcase name="createCategory" time="16.395" classname="com.atmecs.partnerportal.testscript.CategoryTestcases"/>
  <testcase name="createCategory" time="16.986" classname="com.atmecs.partnerportal.testscript.CategoryTestcases"/>
  <testcase name="deleteTest" time="17.002" classname="com.atmecs.partnerportal.testscript.CategoryTestcases"/>
  <testcase name="editTest" time="21.328" classname="com.atmecs.partnerportal.testscript.CategoryTestcases"/>
  <testcase name="createOffer" time="22.185" classname="com.atmecs.partnerportal.testscript.CategoryTestcases"/>
  <testcase name="createOffer" time="24.596" classname="com.atmecs.partnerportal.testscript.CategoryTestcases"/>
  <testcase name="createOffer" time="18.607" classname="com.atmecs.partnerportal.testscript.CategoryTestcases"/>
</testsuite> <!-- com.atmecs.partnerportal.testscript.CategoryTestcases -->
