<?xml version="1.0" encoding="UTF-8"?>
<!-- Generated by org.testng.reporters.JUnitReportReporter -->
<testsuite hostname="ATMECSINDT-055" name="com.atmecs.partnerportal.testscript.ProjectDetailsTestScript" tests="1" failures="0" timestamp="10 Jul 2017 11:35:46 GMT" time="20.780" errors="0">
  <testcase name="checkProjectStatus" time="20.780" classname="com.atmecs.partnerportal.testscript.ProjectDetailsTestScript"/>
</testsuite> <!-- com.atmecs.partnerportal.testscript.ProjectDetailsTestScript -->
