<?xml version="1.0" encoding="UTF-8"?>
<!-- Generated by org.testng.reporters.JUnitReportReporter -->
<testsuite hostname="ATMECSINDT-055" name="com.atmecs.partnerportal.testscript.PartnerSurveyTest" tests="4" failures="0" timestamp="10 Jul 2017 10:09:25 GMT" time="59.625" errors="0">
  <testcase name="searchByQuarter" time="15.637" classname="com.atmecs.partnerportal.testscript.PartnerSurveyTest"/>
  <testcase name="searchByCompanyName" time="14.385" classname="com.atmecs.partnerportal.testscript.PartnerSurveyTest"/>
  <testcase name="searchByUnanswered" time="14.244" classname="com.atmecs.partnerportal.testscript.PartnerSurveyTest"/>
  <testcase name="searchByProjectName" time="15.359" classname="com.atmecs.partnerportal.testscript.PartnerSurveyTest"/>
</testsuite> <!-- com.atmecs.partnerportal.testscript.PartnerSurveyTest -->
