<?xml version="1.0" encoding="UTF-8"?>
<!-- Generated by org.testng.reporters.JUnitReportReporter -->
<testsuite hostname="ATMECSINDT-055" name="com.atmecs.partnerportal.testscript.CheckOutTestScript" tests="2" failures="0" timestamp="10 Jul 2017 07:14:29 GMT" time="86.216" errors="0">
  <testcase name="checkoutTest" time="42.190" classname="com.atmecs.partnerportal.testscript.CheckOutTestScript"/>
  <testcase name="checkoutTest" time="44.026" classname="com.atmecs.partnerportal.testscript.CheckOutTestScript"/>
</testsuite> <!-- com.atmecs.partnerportal.testscript.CheckOutTestScript -->
