<?xml version="1.0" encoding="UTF-8"?>
<!-- Generated by org.testng.reporters.JUnitReportReporter -->
<testsuite hostname="ATMECSINDT-055" name="com.atmecs.partnerportal.testscript.AddToCartTest" tests="1" failures="0" timestamp="10 Jul 2017 07:14:29 GMT" time="31.137" errors="0">
  <testcase name="addToCartTest" time="31.137" classname="com.atmecs.partnerportal.testscript.AddToCartTest"/>
</testsuite> <!-- com.atmecs.partnerportal.testscript.AddToCartTest -->
