<?xml version="1.0" encoding="UTF-8"?>
<!-- Generated by org.testng.reporters.JUnitReportReporter -->
<testsuite hostname="ATMECSINDT-055" name="com.atmecs.partnerportal.testscript.LoginTestScript" tests="4" failures="0" timestamp="10 Jul 2017 07:14:29 GMT" time="69.731" errors="0">
  <testcase name="loginLogoutWithVerifyUserRoleTest" time="18.308" classname="com.atmecs.partnerportal.testscript.LoginTestScript"/>
  <testcase name="loginLogoutWithVerifyUserRoleTest" time="17.402" classname="com.atmecs.partnerportal.testscript.LoginTestScript"/>
  <testcase name="loginLogoutWithVerifyUserRoleTest" time="16.879" classname="com.atmecs.partnerportal.testscript.LoginTestScript"/>
  <testcase name="loginLogoutWithVerifyUserRoleTest" time="17.142" classname="com.atmecs.partnerportal.testscript.LoginTestScript"/>
</testsuite> <!-- com.atmecs.partnerportal.testscript.LoginTestScript -->
