<?xml version="1.0" encoding="UTF-8"?>
<!-- Generated by org.testng.reporters.JUnitReportReporter -->
<testsuite hostname="ATMECSINDT-055" name="com.atmecs.partnerportal.testscript.FilterProjectTextScript" tests="2" failures="0" timestamp="10 Jul 2017 11:22:16 GMT" time="137.708" errors="0">
  <testcase name="filterProjectsByStartAndEndDateTest" time="87.863" classname="com.atmecs.partnerportal.testscript.FilterProjectTextScript"/>
  <testcase name="filterProjectsByNameTest" time="49.845" classname="com.atmecs.partnerportal.testscript.FilterProjectTextScript"/>
</testsuite> <!-- com.atmecs.partnerportal.testscript.FilterProjectTextScript -->
