<?xml version="1.0" encoding="UTF-8"?>
<!-- Generated by org.testng.reporters.JUnitReportReporter -->
<testsuite hostname="ATMECSINDT-055" name="com.atmecs.partnerportal.testscript.ProjectSchedulingTestScript" tests="1" failures="0" timestamp="10 Jul 2017 11:22:16 GMT" time="20.051" errors="0">
  <testcase name="schedulingTest" time="20.051" classname="com.atmecs.partnerportal.testscript.ProjectSchedulingTestScript"/>
</testsuite> <!-- com.atmecs.partnerportal.testscript.ProjectSchedulingTestScript -->
